<?xml version="1.0" encoding="UTF-8"?>
<!-- Generated by org.testng.reporters.JUnitReportReporter -->
<testsuite hostname="Reenas-MacBook-Pro.local" failures="0" tests="1" name="shadiHomePage.HomePage" time="6.512" errors="0" timestamp="2021-10-04T15:38:20 IST" skipped="0">
  <testcase classname="shadiHomePage.HomePage" name="dataRead_CSV" time="6.512"/>
  <system-out>
    <![CDATA[Community Name and mother tongue are same for Marathi
Community Name and mother tongue are same for Gujarati]]>
  </system-out>
</testsuite> <!-- shadiHomePage.HomePage -->
