<?xml version="1.0" encoding="UTF-8"?>
<!-- Generated by org.testng.reporters.JUnitReportReporter -->
<testsuite hostname="Reenas-MacBook-Pro.local" failures="0" tests="1" name="stepDefinitionns.StepDefCsv" time="8.941" errors="0" timestamp="2021-10-04T12:27:45 IST" skipped="0">
  <testcase classname="stepDefinitionns.StepDefCsv" name="dataRead_CSV" time="8.941"/>
  <system-out/>
</testsuite> <!-- stepDefinitionns.StepDefCsv -->
